<?xml version="1.0" encoding="UTF-8"?>
<!-- Generated by org.testng.reporters.JUnitReportReporter -->
<testsuite hostname="Manishas-MacBook-Air.local" failures="0" tests="2" name="progressiveInsuranceTest.GetAutoInsuranceQuote" time="117.490" errors="0" timestamp="2021-06-03T16:49:38 CDT" skipped="0">
  <testcase classname="progressiveInsuranceTest.GetAutoInsuranceQuote" name="startAutoInsurance" time="6.917"/>
  <system-out/>
  <testcase classname="progressiveInsuranceTest.GetAutoInsuranceQuote" name="startAutoQuote" time="110.573"/>
  <system-out/>
</testsuite> <!-- progressiveInsuranceTest.GetAutoInsuranceQuote -->
