<?xml version="1.0" encoding="UTF-8"?>
<!-- Generated by org.testng.reporters.JUnitReportReporter -->
<testsuite hostname="Manishas-MacBook-Air.local" failures="0" tests="1" name="GoogleTest.GoogleSearchTest" time="5.243" errors="0" timestamp="2021-06-21T16:41:39 CDT" skipped="0">
  <testcase classname="GoogleTest.GoogleSearchTest" name="googleSearchBarTest" time="5.243"/>
  <system-out/>
</testsuite> <!-- GoogleTest.GoogleSearchTest -->
