<?xml version="1.0" encoding="UTF-8"?>
<!-- Generated by org.testng.reporters.JUnitReportReporter -->
<testsuite hostname="Manishas-MacBook-Air.local" failures="0" tests="1" name="GoogleTest.GoogleSearchTest" time="5.559" errors="0" timestamp="2021-06-22T19:52:20 CDT" skipped="0">
  <testcase classname="GoogleTest.GoogleSearchTest" name="googleSearchBarTest" time="5.559"/>
  <system-out/>
</testsuite> <!-- GoogleTest.GoogleSearchTest -->
