<?xml version="1.0" encoding="UTF-8"?>
<!-- Generated by org.testng.reporters.JUnitReportReporter -->
<testsuite hostname="Manishas-MacBook-Air.local" failures="0" tests="1" name="progressiveInsuranceTest.ProgressiveInsuranceAutoQuote" time="127.716" errors="0" timestamp="2021-06-21T16:41:39 CDT" skipped="0">
  <testcase classname="progressiveInsuranceTest.ProgressiveInsuranceAutoQuote" name="startAutoInsurance" time="127.716"/>
  <system-out/>
</testsuite> <!-- progressiveInsuranceTest.ProgressiveInsuranceAutoQuote -->
